app/build/outputs/logs/manifest-merger-release-report.txt
-- Merging decision tree log ---
manifest
ADDED from src\main\AndroidManifest.xml:2:1-171:12
INJECTED from src\main\AndroidManifest.xml:2:1-171:12
INJECTED from src\main\AndroidManifest.xml:2:1-171:12
INJECTED from src\main\AndroidManifest.xml:2:1-171:12
MERGED from [com.google.android.material:material:1.2.1] AndroidManifest.xml:17:1-24:12
MERGED from [com.github.nanchen2251:CompressHelper:1.0.5] AndroidManifest.xml:2:1-17:12
MERGED from [androidx.appcompat:appcompat:1.1.0] AndroidManifest.xml:17:1-24:12
MERGED from [androidx.constraintlayout:constraintlayout:1.1.3] AndroidManifest.xml:2:1-11:12
MERGED from [com.zhy:base-adapter:3.0.3] AndroidManifest.xml:2:1-11:12
MERGED from [androidx.viewpager2:viewpager2:1.0.0] AndroidManifest.xml:17:1-24:12
MERGED from [androidx.recyclerview:recyclerview:1.1.0] AndroidManifest.xml:17:1-24:12
MERGED from [com.apkfuns.logutils:library:1.2.2] AndroidManifest.xml:2:1-14:12
MERGED from [cn.finalteam:okhttpfinal:2.0.7] AndroidManifest.xml:17:1-26:12
MERGED from [com.jakewharton:butterknife:10.1.0] AndroidManifest.xml:2:1-7:12
MERGED from [com.github.bumptech.glide:glide:4.9.0] AndroidManifest.xml:2:1-12:12
MERGED from [com.facebook.fresco:fresco:0.10.0] AndroidManifest.xml:2:1-9:12
MERGED from [com.facebook.fresco:imagepipeline-okhttp:0.10.0] AndroidManifest.xml:2:1-9:12
MERGED from [com.github.Raizlabs.DBFlow:dbflow:4.2.4] AndroidManifest.xml:2:1-13:12
MERGED from [androidx.multidex:multidex:2.0.0] AndroidManifest.xml:17:1-22:12
MERGED from [top.zibin:Luban:1.1.8] AndroidManifest.xml:2:1-11:12
MERGED from [com.github.ZkLeaf:ZBanner:1.0.5] AndroidManifest.xml:2:1-11:12
MERGED from [cn.jzvd:jiaozivideoplayer:7.5.0] AndroidManifest.xml:2:1-13:12
MERGED from [com.ToxicBakery.viewpager.transforms:view-pager-transforms:2.0.24] AndroidManifest.xml:17:1-24:12
MERGED from [cn.finalteam:toolsfinal:1.1.5] AndroidManifest.xml:2:1-28:12
MERGED from [com.facebook.fresco:drawee:0.10.0] AndroidManifest.xml:2:1-9:12
MERGED from [com.facebook.fresco:imagepipeline:0.10.0] AndroidManifest.xml:2:1-9:12
MERGED from [com.facebook.fresco:imagepipeline-base:0.10.0] AndroidManifest.xml:2:1-9:12
MERGED from [androidx.legacy:legacy-support-v4:1.0.0] AndroidManifest.xml:17:1-22:12
MERGED from [androidx.legacy:legacy-support-core-ui:1.0.0] AndroidManifest.xml:17:1-22:12
MERGED from [androidx.cursoradapter:cursoradapter:1.0.0] AndroidManifest.xml:17:1-22:12
MERGED from [androidx.fragment:fragment:1.1.0] AndroidManifest.xml:17:1-24:12
MERGED from [androidx.appcompat:appcompat-resources:1.1.0] AndroidManifest.xml:17:1-24:12
MERGED from [androidx.drawerlayout:drawerlayout:1.0.0] AndroidManifest.xml:17:1-22:12
MERGED from [androidx.coordinatorlayout:coordinatorlayout:1.1.0] AndroidManifest.xml:17:1-24:12
MERGED from [androidx.viewpager:viewpager:1.0.0] AndroidManifest.xml:17:1-22:12
MERGED from [androidx.slidingpanelayout:slidingpanelayout:1.0.0] AndroidManifest.xml:17:1-22:12
MERGED from [androidx.customview:customview:1.0.0] AndroidManifest.xml:17:1-22:12
MERGED from [androidx.cardview:cardview:1.0.0] AndroidManifest.xml:17:1-22:12
MERGED from [androidx.transition:transition:1.2.0] AndroidManifest.xml:17:1-24:12
MERGED from [androidx.vectordrawable:vectordrawable-animated:1.1.0] AndroidManifest.xml:17:1-24:12
MERGED from [androidx.vectordrawable:vectordrawable:1.1.0] AndroidManifest.xml:17:1-24:12
MERGED from [com.github.bumptech.glide:gifdecoder:4.9.0] AndroidManifest.xml:2:1-11:12
MERGED from [androidx.core:core-ktx:1.3.1] AndroidManifest.xml:2:1-9:12
MERGED from [com.jakewharton:butterknife-runtime:10.1.0] AndroidManifest.xml:2:1-7:12
MERGED from [androidx.legacy:legacy-support-core-utils:1.0.0] AndroidManifest.xml:17:1-22:12
MERGED from [androidx.loader:loader:1.0.0] AndroidManifest.xml:17:1-22:12
MERGED from [androidx.activity:activity:1.0.0] AndroidManifest.xml:17:1-24:12
MERGED from [androidx.media:media:1.0.0] AndroidManifest.xml:17:1-22:12
MERGED from [androidx.swiperefreshlayout:swiperefreshlayout:1.0.0] AndroidManifest.xml:17:1-22:12
MERGED from [androidx.asynclayoutinflater:asynclayoutinflater:1.0.0] AndroidManifest.xml:17:1-22:12
MERGED from [androidx.core:core:1.3.1] AndroidManifest.xml:17:1-26:12
MERGED from [androidx.versionedparcelable:versionedparcelable:1.1.0] AndroidManifest.xml:17:1-27:12
MERGED from [androidx.lifecycle:lifecycle-runtime:2.1.0] AndroidManifest.xml:17:1-22:12
MERGED from [androidx.lifecycle:lifecycle-viewmodel:2.1.0] AndroidManifest.xml:17:1-22:12
MERGED from [androidx.savedstate:savedstate:1.0.0] AndroidManifest.xml:17:1-24:12
MERGED from [androidx.interpolator:interpolator:1.0.0] AndroidManifest.xml:17:1-22:12
MERGED from [androidx.documentfile:documentfile:1.0.0] AndroidManifest.xml:17:1-22:12
MERGED from [androidx.localbroadcastmanager:localbroadcastmanager:1.0.0] AndroidManifest.xml:17:1-22:12
MERGED from [androidx.print:print:1.0.0] AndroidManifest.xml:17:1-22:12
MERGED from [androidx.lifecycle:lifecycle-livedata:2.0.0] AndroidManifest.xml:17:1-22:12
MERGED from [androidx.lifecycle:lifecycle-livedata-core:2.0.0] AndroidManifest.xml:17:1-22:12
MERGED from [androidx.arch.core:core-runtime:2.0.0] AndroidManifest.xml:17:1-22:12
MERGED from [androidx.annotation:annotation-experimental:1.0.0] AndroidManifest.xml:17:1-24:12
MERGED from [com.facebook.fresco:fbcore:0.10.0] AndroidManifest.xml:2:1-9:12
INJECTED from src\main\AndroidManifest.xml:2:1-171:12
INJECTED from src\main\AndroidManifest.xml:2:1-171:12
INJECTED from src\main\AndroidManifest.xml:2:1-171:12
	package
		ADDED from src\main\AndroidManifest.xml:3:5-26
		INJECTED from src\main\AndroidManifest.xml
		INJECTED from src\main\AndroidManifest.xml
	android:versionName
		INJECTED from src\main\AndroidManifest.xml
		ADDED from src\main\AndroidManifest.xml:2:1-171:12
		INJECTED from src\main\AndroidManifest.xml
	android:versionCode
		INJECTED from src\main\AndroidManifest.xml
		ADDED from src\main\AndroidManifest.xml:2:1-171:12
		INJECTED from src\main\AndroidManifest.xml
	xmlns:android
		ADDED from src\main\AndroidManifest.xml:2:11-69
permission#com.dahuatech.netsdk.permission.C2D_MESSAGE
ADDED from src\main\AndroidManifest.xml:5:5-7:47
	android:protectionLevel
		ADDED from src\main\AndroidManifest.xml:7:9-44
	android:name
		ADDED from src\main\AndroidManifest.xml:6:9-67
uses-permission#com.dahuatech.netsdk.permission.C2D_MESSAGE
ADDED from src\main\AndroidManifest.xml:9:5-83
	android:name
		ADDED from src\main\AndroidManifest.xml:9:22-80
uses-permission#com.google.android.c2dm.permission.RECEIVE
ADDED from src\main\AndroidManifest.xml:10:5-82
	android:name
		ADDED from src\main\AndroidManifest.xml:10:22-79
uses-permission#android.permission.WAKE_LOCK
ADDED from src\main\AndroidManifest.xml:11:5-68
	android:name
		ADDED from src\main\AndroidManifest.xml:11:22-65
uses-permission#android.permission.RECEIVE_BOOT_COMPLETED
ADDED from src\main\AndroidManifest.xml:14:5-81
	android:name
		ADDED from src\main\AndroidManifest.xml:14:22-78
uses-permission#android.permission.CHANGE_NETWORK_STATE
ADDED from src\main\AndroidManifest.xml:15:5-79
	android:name
		ADDED from src\main\AndroidManifest.xml:15:22-76
uses-permission#android.permission.CHANGE_WIFI_STATE
ADDED from src\main\AndroidManifest.xml:16:5-76
	android:name
		ADDED from src\main\AndroidManifest.xml:16:22-73
uses-permission#android.permission.ACCESS_NETWORK_STATE
ADDED from src\main\AndroidManifest.xml:17:5-79
MERGED from [cn.jzvd:jiaozivideoplayer:7.5.0] AndroidManifest.xml:11:5-79
MERGED from [cn.jzvd:jiaozivideoplayer:7.5.0] AndroidManifest.xml:11:5-79
MERGED from [cn.finalteam:toolsfinal:1.1.5] AndroidManifest.xml:24:5-79
MERGED from [cn.finalteam:toolsfinal:1.1.5] AndroidManifest.xml:24:5-79
	android:name
		ADDED from src\main\AndroidManifest.xml:17:22-76
uses-permission#android.permission.ACCESS_WIFI_STATE
ADDED from src\main\AndroidManifest.xml:18:5-76
MERGED from [cn.finalteam:toolsfinal:1.1.5] AndroidManifest.xml:20:5-76
MERGED from [cn.finalteam:toolsfinal:1.1.5] AndroidManifest.xml:20:5-76
	android:name
		ADDED from src\main\AndroidManifest.xml:18:22-73
uses-permission#android.permission.INTERNET
ADDED from src\main\AndroidManifest.xml:19:5-67
	android:name
		ADDED from src\main\AndroidManifest.xml:19:22-64
uses-permission#android.permission.WRITE_SETTINGS
ADDED from src\main\AndroidManifest.xml:20:5-73
	android:name
		ADDED from src\main\AndroidManifest.xml:20:22-70
uses-permission#android.permission.SET_TIME
ADDED from src\main\AndroidManifest.xml:21:5-67
	android:name
		ADDED from src\main\AndroidManifest.xml:21:22-64
uses-permission#android.permission.SET_TIME_ZONE
ADDED from src\main\AndroidManifest.xml:22:5-72
	android:name
		ADDED from src\main\AndroidManifest.xml:22:22-69
uses-permission#android.permission.MOUNT_UNMOUNT_FILESYSTEMS
ADDED from src\main\AndroidManifest.xml:23:5-84
MERGED from [cn.finalteam:toolsfinal:1.1.5] AndroidManifest.xml:12:5-84
MERGED from [cn.finalteam:toolsfinal:1.1.5] AndroidManifest.xml:12:5-84
	android:name
		ADDED from src\main\AndroidManifest.xml:23:22-81
uses-permission#android.permission.WRITE_EXTERNAL_STORAGE
ADDED from src\main\AndroidManifest.xml:24:5-81
MERGED from [cn.finalteam:toolsfinal:1.1.5] AndroidManifest.xml:14:5-81
MERGED from [cn.finalteam:toolsfinal:1.1.5] AndroidManifest.xml:14:5-81
	android:name
		ADDED from src\main\AndroidManifest.xml:24:22-78
uses-permission#android.permission.READ_EXTERNAL_STORAGE
ADDED from src\main\AndroidManifest.xml:25:5-80
MERGED from [cn.finalteam:toolsfinal:1.1.5] AndroidManifest.xml:16:5-80
MERGED from [cn.finalteam:toolsfinal:1.1.5] AndroidManifest.xml:16:5-80
	android:name
		ADDED from src\main\AndroidManifest.xml:25:22-77
uses-permission#android.permission.RECORD_AUDIO
ADDED from src\main\AndroidManifest.xml:26:5-71
	android:name
		ADDED from src\main\AndroidManifest.xml:26:22-68
uses-permission#android.permission.READ_PHONE_STATE
ADDED from src\main\AndroidManifest.xml:27:5-75
MERGED from [cn.finalteam:toolsfinal:1.1.5] AndroidManifest.xml:18:5-75
MERGED from [cn.finalteam:toolsfinal:1.1.5] AndroidManifest.xml:18:5-75
	android:name
		ADDED from src\main\AndroidManifest.xml:27:22-72
uses-permission#android.permission.CAMERA
ADDED from src\main\AndroidManifest.xml:28:5-65
	android:name
		ADDED from src\main\AndroidManifest.xml:28:22-62
uses-feature#android.hardware.camera
ADDED from src\main\AndroidManifest.xml:30:5-60
	android:name
		ADDED from src\main\AndroidManifest.xml:30:19-57
uses-feature#android.hardware.camera.autofocus
ADDED from src\main\AndroidManifest.xml:31:5-70
	android:name
		ADDED from src\main\AndroidManifest.xml:31:19-67
uses-feature#android.hardware.autofocus
ADDED from src\main\AndroidManifest.xml:32:5-63
	android:name
		ADDED from src\main\AndroidManifest.xml:32:19-60
uses-permission#android.permission.FLASHLIGHT
ADDED from src\main\AndroidManifest.xml:34:5-69
	android:name
		ADDED from src\main\AndroidManifest.xml:34:22-66
uses-permission#android.permission.SYSTEM_ALERT_WINDOW
ADDED from src\main\AndroidManifest.xml:35:5-78
	android:name
		ADDED from src\main\AndroidManifest.xml:35:22-75
uses-permission#android.permission.GET_ACCOUNTS
ADDED from src\main\AndroidManifest.xml:36:5-71
	android:name
		ADDED from src\main\AndroidManifest.xml:36:22-68
uses-permission#android.permission.USE_CREDENTIALS
ADDED from src\main\AndroidManifest.xml:37:5-74
	android:name
		ADDED from src\main\AndroidManifest.xml:37:22-71
uses-permission#android.permission.MODIFY_AUDIO_SETTINGS
ADDED from src\main\AndroidManifest.xml:38:5-80
	android:name
		ADDED from src\main\AndroidManifest.xml:38:22-77
uses-permission#android.permission.CAPTURE_AUDIO_OUTPUT
ADDED from src\main\AndroidManifest.xml:39:5-79
	android:name
		ADDED from src\main\AndroidManifest.xml:39:22-76
uses-permission#android.permission.REORDER_TASKS
ADDED from src\main\AndroidManifest.xml:40:5-72
	android:name
		ADDED from src\main\AndroidManifest.xml:40:22-69
uses-permission#android.permission.GET_TASKS
ADDED from src\main\AndroidManifest.xml:41:5-68
MERGED from [cn.finalteam:toolsfinal:1.1.5] AndroidManifest.xml:22:5-68
MERGED from [cn.finalteam:toolsfinal:1.1.5] AndroidManifest.xml:22:5-68
	android:name
		ADDED from src\main\AndroidManifest.xml:41:22-65
application
ADDED from src\main\AndroidManifest.xml:43:5-169:19
MERGED from [com.google.android.material:material:1.2.1] AndroidManifest.xml:22:5-20
MERGED from [com.google.android.material:material:1.2.1] AndroidManifest.xml:22:5-20
MERGED from [com.github.nanchen2251:CompressHelper:1.0.5] AndroidManifest.xml:11:5-15:19
MERGED from [com.github.nanchen2251:CompressHelper:1.0.5] AndroidManifest.xml:11:5-15:19
MERGED from [androidx.constraintlayout:constraintlayout:1.1.3] AndroidManifest.xml:9:5-20
MERGED from [androidx.constraintlayout:constraintlayout:1.1.3] AndroidManifest.xml:9:5-20
MERGED from [com.apkfuns.logutils:library:1.2.2] AndroidManifest.xml:11:5-12:19
MERGED from [com.apkfuns.logutils:library:1.2.2] AndroidManifest.xml:11:5-12:19
MERGED from [com.github.bumptech.glide:glide:4.9.0] AndroidManifest.xml:10:5-20
MERGED from [com.github.bumptech.glide:glide:4.9.0] AndroidManifest.xml:10:5-20
MERGED from [com.github.Raizlabs.DBFlow:dbflow:4.2.4] AndroidManifest.xml:11:5-20
MERGED from [com.github.Raizlabs.DBFlow:dbflow:4.2.4] AndroidManifest.xml:11:5-20
MERGED from [com.github.bumptech.glide:gifdecoder:4.9.0] AndroidManifest.xml:9:5-20
MERGED from [com.github.bumptech.glide:gifdecoder:4.9.0] AndroidManifest.xml:9:5-20
MERGED from [androidx.core:core:1.3.1] AndroidManifest.xml:24:5-89
MERGED from [androidx.core:core:1.3.1] AndroidManifest.xml:24:5-89
MERGED from [androidx.versionedparcelable:versionedparcelable:1.1.0] AndroidManifest.xml:24:5-25:19
MERGED from [androidx.versionedparcelable:versionedparcelable:1.1.0] AndroidManifest.xml:24:5-25:19
	android:appComponentFactory
		ADDED from [androidx.core:core:1.3.1] AndroidManifest.xml:24:18-86
	android:supportsRtl
		ADDED from src\main\AndroidManifest.xml:50:9-35
	android:label
		ADDED from src\main\AndroidManifest.xml:48:9-41
	android:persistent
		ADDED from src\main\AndroidManifest.xml:49:9-34
	android:largeHeap
		ADDED from src\main\AndroidManifest.xml:47:9-33
	android:icon
		ADDED from src\main\AndroidManifest.xml:46:9-43
	android:allowBackup
		ADDED from src\main\AndroidManifest.xml:45:9-35
	android:theme
		ADDED from src\main\AndroidManifest.xml:51:9-40
	android:name
		ADDED from src\main\AndroidManifest.xml:44:9-39
activity#com.md.dzbp.ui.activity.SplashActivity
ADDED from src\main\AndroidManifest.xml:53:9-62:20
	android:configChanges
		ADDED from src\main\AndroidManifest.xml:55:13-74
	android:theme
		ADDED from src\main\AndroidManifest.xml:56:13-47
	android:name
		ADDED from src\main\AndroidManifest.xml:54:13-55
intent-filter#action:name:android.intent.action.MAIN+category:name:android.intent.category.LAUNCHER
ADDED from src\main\AndroidManifest.xml:57:13-61:29
action#android.intent.action.MAIN
ADDED from src\main\AndroidManifest.xml:58:17-69
	android:name
		ADDED from src\main\AndroidManifest.xml:58:25-66
category#android.intent.category.LAUNCHER
ADDED from src\main\AndroidManifest.xml:60:17-77
	android:name
		ADDED from src\main\AndroidManifest.xml:60:27-74
activity#com.md.dzbp.ui.activity.MainActivity
ADDED from src\main\AndroidManifest.xml:63:9-67:67
	android:launchMode
		ADDED from src\main\AndroidManifest.xml:66:13-48
	android:windowSoftInputMode
		ADDED from src\main\AndroidManifest.xml:67:13-64
	android:configChanges
		ADDED from src\main\AndroidManifest.xml:65:13-74
	android:name
		ADDED from src\main\AndroidManifest.xml:64:13-53
activity#com.md.dzbp.ui.activity.NoticeActivity
ADDED from src\main\AndroidManifest.xml:68:9-72:57
	android:launchMode
		ADDED from src\main\AndroidManifest.xml:71:13-48
	android:windowSoftInputMode
		ADDED from src\main\AndroidManifest.xml:72:13-54
	android:configChanges
		ADDED from src\main\AndroidManifest.xml:70:13-74
	android:name
		ADDED from src\main\AndroidManifest.xml:69:13-55
activity#com.md.dzbp.ui.activity.ExamActivity
ADDED from src\main\AndroidManifest.xml:73:9-77:57
	android:launchMode
		ADDED from src\main\AndroidManifest.xml:76:13-48
	android:windowSoftInputMode
		ADDED from src\main\AndroidManifest.xml:77:13-54
	android:configChanges
		ADDED from src\main\AndroidManifest.xml:75:13-74
	android:name
		ADDED from src\main\AndroidManifest.xml:74:13-53
activity#com.md.dzbp.ui.activity.TeacherActivity
ADDED from src\main\AndroidManifest.xml:78:9-82:67
	android:launchMode
		ADDED from src\main\AndroidManifest.xml:81:13-48
	android:windowSoftInputMode
		ADDED from src\main\AndroidManifest.xml:82:13-64
	android:configChanges
		ADDED from src\main\AndroidManifest.xml:80:13-74
	android:name
		ADDED from src\main\AndroidManifest.xml:79:13-56
activity#com.md.dzbp.ui.activity.StudentActivity
ADDED from src\main\AndroidManifest.xml:83:9-87:57
	android:launchMode
		ADDED from src\main\AndroidManifest.xml:86:13-48
	android:windowSoftInputMode
		ADDED from src\main\AndroidManifest.xml:87:13-54
	android:configChanges
		ADDED from src\main\AndroidManifest.xml:85:13-74
	android:name
		ADDED from src\main\AndroidManifest.xml:84:13-56
activity#com.md.dzbp.ui.activity.PatrolActivity
ADDED from src\main\AndroidManifest.xml:88:9-92:57
	android:launchMode
		ADDED from src\main\AndroidManifest.xml:91:13-48
	android:windowSoftInputMode
		ADDED from src\main\AndroidManifest.xml:92:13-54
	android:configChanges
		ADDED from src\main\AndroidManifest.xml:90:13-74
	android:name
		ADDED from src\main\AndroidManifest.xml:89:13-55
activity#com.md.dzbp.ui.activity.MeetingActivity
ADDED from src\main\AndroidManifest.xml:93:9-97:57
	android:launchMode
		ADDED from src\main\AndroidManifest.xml:96:13-48
	android:windowSoftInputMode
		ADDED from src\main\AndroidManifest.xml:97:13-54
	android:configChanges
		ADDED from src\main\AndroidManifest.xml:95:13-74
	android:name
		ADDED from src\main\AndroidManifest.xml:94:13-56
activity#com.md.dzbp.ui.activity.InterestClassActivity
ADDED from src\main\AndroidManifest.xml:98:9-102:57
	android:launchMode
		ADDED from src\main\AndroidManifest.xml:101:13-48
	android:windowSoftInputMode
		ADDED from src\main\AndroidManifest.xml:102:13-54
	android:configChanges
		ADDED from src\main\AndroidManifest.xml:100:13-74
	android:name
		ADDED from src\main\AndroidManifest.xml:99:13-62
activity#com.md.dzbp.ui.activity.SettingActivity
ADDED from src\main\AndroidManifest.xml:103:9-107:57
	android:launchMode
		ADDED from src\main\AndroidManifest.xml:106:13-43
	android:windowSoftInputMode
		ADDED from src\main\AndroidManifest.xml:107:13-54
	android:configChanges
		ADDED from src\main\AndroidManifest.xml:105:13-74
	android:name
		ADDED from src\main\AndroidManifest.xml:104:13-56
activity#com.md.dzbp.ui.activity.ShowBigImageActivity
ADDED from src\main\AndroidManifest.xml:108:9-112:57
	android:launchMode
		ADDED from src\main\AndroidManifest.xml:111:13-42
	android:windowSoftInputMode
		ADDED from src\main\AndroidManifest.xml:112:13-54
	android:configChanges
		ADDED from src\main\AndroidManifest.xml:110:13-74
	android:name
		ADDED from src\main\AndroidManifest.xml:109:13-61
activity#com.md.dzbp.ui.activity.SignActivity
ADDED from src\main\AndroidManifest.xml:113:9-117:57
	android:launchMode
		ADDED from src\main\AndroidManifest.xml:116:13-48
	android:windowSoftInputMode
		ADDED from src\main\AndroidManifest.xml:117:13-54
	android:configChanges
		ADDED from src\main\AndroidManifest.xml:115:13-74
	android:name
		ADDED from src\main\AndroidManifest.xml:114:13-53
activity#com.md.dzbp.ui.activity.VideoShowActivity
ADDED from src\main\AndroidManifest.xml:118:9-122:57
	android:launchMode
		ADDED from src\main\AndroidManifest.xml:121:13-48
	android:windowSoftInputMode
		ADDED from src\main\AndroidManifest.xml:122:13-54
	android:configChanges
		ADDED from src\main\AndroidManifest.xml:120:13-74
	android:name
		ADDED from src\main\AndroidManifest.xml:119:13-58
activity#com.md.dzbp.ui.activity.AttendanceActivity
ADDED from src\main\AndroidManifest.xml:123:9-127:57
	android:launchMode
		ADDED from src\main\AndroidManifest.xml:126:13-48
	android:windowSoftInputMode
		ADDED from src\main\AndroidManifest.xml:127:13-54
	android:configChanges
		ADDED from src\main\AndroidManifest.xml:125:13-74
	android:name
		ADDED from src\main\AndroidManifest.xml:124:13-59
activity#com.md.dzbp.ui.activity.LooperImgPlayActivity
ADDED from src\main\AndroidManifest.xml:128:9-132:57
	android:launchMode
		ADDED from src\main\AndroidManifest.xml:131:13-48
	android:windowSoftInputMode
		ADDED from src\main\AndroidManifest.xml:132:13-54
	android:configChanges
		ADDED from src\main\AndroidManifest.xml:130:13-74
	android:name
		ADDED from src\main\AndroidManifest.xml:129:13-62
service#com.md.dzbp.tcp.TcpService
ADDED from src\main\AndroidManifest.xml:134:9-139:19
	android:enabled
		ADDED from src\main\AndroidManifest.xml:136:13-35
	android:name
		ADDED from src\main\AndroidManifest.xml:135:13-43
service#com.md.dzbp.tcp.RemoteService
ADDED from src\main\AndroidManifest.xml:140:9-142:48
	android:process
		ADDED from src\main\AndroidManifest.xml:142:13-45
	android:name
		ADDED from src\main\AndroidManifest.xml:141:13-46
receiver#com.md.dzbp.tcp.TcpServiceInstalledReceiver
ADDED from src\main\AndroidManifest.xml:144:9-154:20
	android:exported
		ADDED from src\main\AndroidManifest.xml:146:13-36
	android:name
		ADDED from src\main\AndroidManifest.xml:145:13-60
intent-filter#action:name:android.intent.action.BOOT_COMPLETED+action:name:android.intent.action.PACKAGE_ADDED+action:name:android.media.AUDIO_BECOMING_NOISY+category:name:android.intent.category.LAUNCHER
ADDED from src\main\AndroidManifest.xml:147:13-153:29
	android:priority
		ADDED from src\main\AndroidManifest.xml:147:28-51
action#android.intent.action.BOOT_COMPLETED
ADDED from src\main\AndroidManifest.xml:148:17-79
	android:name
		ADDED from src\main\AndroidManifest.xml:148:25-76
action#android.media.AUDIO_BECOMING_NOISY
ADDED from src\main\AndroidManifest.xml:149:17-77
	android:name
		ADDED from src\main\AndroidManifest.xml:149:25-74
action#android.intent.action.PACKAGE_ADDED
ADDED from src\main\AndroidManifest.xml:150:17-78
	android:name
		ADDED from src\main\AndroidManifest.xml:150:25-75
service#com.md.dzbp.service.UploadService
ADDED from src\main\AndroidManifest.xml:156:9-158:38
	android:enabled
		ADDED from src\main\AndroidManifest.xml:158:13-35
	android:name
		ADDED from src\main\AndroidManifest.xml:157:13-50
receiver#com.md.dzbp.service.BootCompletedReceiver
ADDED from src\main\AndroidManifest.xml:160:9-168:20
	android:name
		ADDED from src\main\AndroidManifest.xml:160:19-64
intent-filter#action:name:android.intent.action.ACTION_SHUTDOWN+action:name:android.intent.action.BOOT_COMPLETED
ADDED from src\main\AndroidManifest.xml:161:13-167:29
action#android.intent.action.ACTION_SHUTDOWN
ADDED from src\main\AndroidManifest.xml:166:17-80
	android:name
		ADDED from src\main\AndroidManifest.xml:166:25-77
uses-sdk
INJECTED from src\main\AndroidManifest.xml reason: use-sdk injection requested
INJECTED from src\main\AndroidManifest.xml
INJECTED from src\main\AndroidManifest.xml
MERGED from [com.google.android.material:material:1.2.1] AndroidManifest.xml:20:5-44
MERGED from [com.google.android.material:material:1.2.1] AndroidManifest.xml:20:5-44
MERGED from [com.github.nanchen2251:CompressHelper:1.0.5] AndroidManifest.xml:7:5-9:41
MERGED from [com.github.nanchen2251:CompressHelper:1.0.5] AndroidManifest.xml:7:5-9:41
MERGED from [androidx.appcompat:appcompat:1.1.0] AndroidManifest.xml:20:5-22:41
MERGED from [androidx.appcompat:appcompat:1.1.0] AndroidManifest.xml:20:5-22:41
MERGED from [androidx.constraintlayout:constraintlayout:1.1.3] AndroidManifest.xml:5:5-7:41
MERGED from [androidx.constraintlayout:constraintlayout:1.1.3] AndroidManifest.xml:5:5-7:41
MERGED from [com.zhy:base-adapter:3.0.3] AndroidManifest.xml:7:5-9:41
MERGED from [com.zhy:base-adapter:3.0.3] AndroidManifest.xml:7:5-9:41
MERGED from [androidx.viewpager2:viewpager2:1.0.0] AndroidManifest.xml:20:5-22:41
MERGED from [androidx.viewpager2:viewpager2:1.0.0] AndroidManifest.xml:20:5-22:41
MERGED from [androidx.recyclerview:recyclerview:1.1.0] AndroidManifest.xml:20:5-22:41
MERGED from [androidx.recyclerview:recyclerview:1.1.0] AndroidManifest.xml:20:5-22:41
MERGED from [com.apkfuns.logutils:library:1.2.2] AndroidManifest.xml:7:5-9:41
MERGED from [com.apkfuns.logutils:library:1.2.2] AndroidManifest.xml:7:5-9:41
MERGED from [cn.finalteam:okhttpfinal:2.0.7] AndroidManifest.xml:22:5-24:41
MERGED from [cn.finalteam:okhttpfinal:2.0.7] AndroidManifest.xml:22:5-24:41
MERGED from [com.jakewharton:butterknife:10.1.0] AndroidManifest.xml:5:5-44
MERGED from [com.jakewharton:butterknife:10.1.0] AndroidManifest.xml:5:5-44
MERGED from [com.github.bumptech.glide:glide:4.9.0] AndroidManifest.xml:6:5-8:41
MERGED from [com.github.bumptech.glide:glide:4.9.0] AndroidManifest.xml:6:5-8:41
MERGED from [com.facebook.fresco:fresco:0.10.0] AndroidManifest.xml:5:5-7:41
MERGED from [com.facebook.fresco:fresco:0.10.0] AndroidManifest.xml:5:5-7:41
MERGED from [com.facebook.fresco:imagepipeline-okhttp:0.10.0] AndroidManifest.xml:5:5-7:41
MERGED from [com.facebook.fresco:imagepipeline-okhttp:0.10.0] AndroidManifest.xml:5:5-7:41
MERGED from [com.github.Raizlabs.DBFlow:dbflow:4.2.4] AndroidManifest.xml:7:5-9:41
MERGED from [com.github.Raizlabs.DBFlow:dbflow:4.2.4] AndroidManifest.xml:7:5-9:41
MERGED from [androidx.multidex:multidex:2.0.0] AndroidManifest.xml:20:5-43
MERGED from [androidx.multidex:multidex:2.0.0] AndroidManifest.xml:20:5-43
MERGED from [top.zibin:Luban:1.1.8] AndroidManifest.xml:7:5-9:41
MERGED from [top.zibin:Luban:1.1.8] AndroidManifest.xml:7:5-9:41
MERGED from [com.github.ZkLeaf:ZBanner:1.0.5] AndroidManifest.xml:7:5-9:41
MERGED from [com.github.ZkLeaf:ZBanner:1.0.5] AndroidManifest.xml:7:5-9:41
MERGED from [cn.jzvd:jiaozivideoplayer:7.5.0] AndroidManifest.xml:7:5-9:41
MERGED from [cn.jzvd:jiaozivideoplayer:7.5.0] AndroidManifest.xml:7:5-9:41
MERGED from [com.ToxicBakery.viewpager.transforms:view-pager-transforms:2.0.24] AndroidManifest.xml:20:5-22:41
MERGED from [com.ToxicBakery.viewpager.transforms:view-pager-transforms:2.0.24] AndroidManifest.xml:20:5-22:41
MERGED from [cn.finalteam:toolsfinal:1.1.5] AndroidManifest.xml:7:5-9:41
MERGED from [cn.finalteam:toolsfinal:1.1.5] AndroidManifest.xml:7:5-9:41
MERGED from [com.facebook.fresco:drawee:0.10.0] AndroidManifest.xml:5:5-7:41
MERGED from [com.facebook.fresco:drawee:0.10.0] AndroidManifest.xml:5:5-7:41
MERGED from [com.facebook.fresco:imagepipeline:0.10.0] AndroidManifest.xml:5:5-7:41
MERGED from [com.facebook.fresco:imagepipeline:0.10.0] AndroidManifest.xml:5:5-7:41
MERGED from [com.facebook.fresco:imagepipeline-base:0.10.0] AndroidManifest.xml:5:5-7:41
MERGED from [com.facebook.fresco:imagepipeline-base:0.10.0] AndroidManifest.xml:5:5-7:41
MERGED from [androidx.legacy:legacy-support-v4:1.0.0] AndroidManifest.xml:20:5-44
MERGED from [androidx.legacy:legacy-support-v4:1.0.0] AndroidManifest.xml:20:5-44
MERGED from [androidx.legacy:legacy-support-core-ui:1.0.0] AndroidManifest.xml:20:5-44
MERGED from [androidx.legacy:legacy-support-core-ui:1.0.0] AndroidManifest.xml:20:5-44
MERGED from [androidx.cursoradapter:cursoradapter:1.0.0] AndroidManifest.xml:20:5-44
MERGED from [androidx.cursoradapter:cursoradapter:1.0.0] AndroidManifest.xml:20:5-44
MERGED from [androidx.fragment:fragment:1.1.0] AndroidManifest.xml:20:5-22:41
MERGED from [androidx.fragment:fragment:1.1.0] AndroidManifest.xml:20:5-22:41
MERGED from [androidx.appcompat:appcompat-resources:1.1.0] AndroidManifest.xml:20:5-22:41
MERGED from [androidx.appcompat:appcompat-resources:1.1.0] AndroidManifest.xml:20:5-22:41
MERGED from [androidx.drawerlayout:drawerlayout:1.0.0] AndroidManifest.xml:20:5-44
MERGED from [androidx.drawerlayout:drawerlayout:1.0.0] AndroidManifest.xml:20:5-44
MERGED from [androidx.coordinatorlayout:coordinatorlayout:1.1.0] AndroidManifest.xml:20:5-22:41
MERGED from [androidx.coordinatorlayout:coordinatorlayout:1.1.0] AndroidManifest.xml:20:5-22:41
MERGED from [androidx.viewpager:viewpager:1.0.0] AndroidManifest.xml:20:5-44
MERGED from [androidx.viewpager:viewpager:1.0.0] AndroidManifest.xml:20:5-44
MERGED from [androidx.slidingpanelayout:slidingpanelayout:1.0.0] AndroidManifest.xml:20:5-44
MERGED from [androidx.slidingpanelayout:slidingpanelayout:1.0.0] AndroidManifest.xml:20:5-44
MERGED from [androidx.customview:customview:1.0.0] AndroidManifest.xml:20:5-44
MERGED from [androidx.customview:customview:1.0.0] AndroidManifest.xml:20:5-44
MERGED from [androidx.cardview:cardview:1.0.0] AndroidManifest.xml:20:5-44
MERGED from [androidx.cardview:cardview:1.0.0] AndroidManifest.xml:20:5-44
MERGED from [androidx.transition:transition:1.2.0] AndroidManifest.xml:20:5-22:41
MERGED from [androidx.transition:transition:1.2.0] AndroidManifest.xml:20:5-22:41
MERGED from [androidx.vectordrawable:vectordrawable-animated:1.1.0] AndroidManifest.xml:20:5-22:41
MERGED from [androidx.vectordrawable:vectordrawable-animated:1.1.0] AndroidManifest.xml:20:5-22:41
MERGED from [androidx.vectordrawable:vectordrawable:1.1.0] AndroidManifest.xml:20:5-22:41
MERGED from [androidx.vectordrawable:vectordrawable:1.1.0] AndroidManifest.xml:20:5-22:41
MERGED from [com.github.bumptech.glide:gifdecoder:4.9.0] AndroidManifest.xml:5:5-7:41
MERGED from [com.github.bumptech.glide:gifdecoder:4.9.0] AndroidManifest.xml:5:5-7:41
MERGED from [androidx.core:core-ktx:1.3.1] AndroidManifest.xml:5:5-7:41
MERGED from [androidx.core:core-ktx:1.3.1] AndroidManifest.xml:5:5-7:41
MERGED from [com.jakewharton:butterknife-runtime:10.1.0] AndroidManifest.xml:5:5-44
MERGED from [com.jakewharton:butterknife-runtime:10.1.0] AndroidManifest.xml:5:5-44
MERGED from [androidx.legacy:legacy-support-core-utils:1.0.0] AndroidManifest.xml:20:5-44
MERGED from [androidx.legacy:legacy-support-core-utils:1.0.0] AndroidManifest.xml:20:5-44
MERGED from [androidx.loader:loader:1.0.0] AndroidManifest.xml:20:5-44